1680264104.386341 4.225408 -3.246529 0.388667
1680264104.453100 4.225399 -3.246504 0.388674
1680264104.519853 4.225407 -3.246510 0.388709
1680264104.586605 4.225408 -3.246494 0.388715
1680264104.653356 4.225399 -3.246508 0.388651
1680264104.720105 4.225383 -3.246495 0.388721
1680264104.786853 4.225386 -3.246508 0.388656
1680264104.853605 4.225358 -3.246498 0.388659
1680264104.920353 4.225358 -3.246473 0.388648
1680264104.987101 4.225402 -3.246481 0.388638
1680264105.053849 4.225394 -3.246512 0.388693
1680264105.120597 4.225393 -3.246525 0.388696
1680264105.187345 4.225409 -3.246505 0.388715
1680264105.254093 4.225407 -3.246511 0.388709
1680264105.320840 4.225392 -3.246463 0.388659
1680264105.387588 4.225402 -3.246487 0.388636
1680264105.454336 4.225399 -3.246487 0.388660
1680264105.521084 4.225386 -3.246515 0.388633
1680264105.587831 4.225380 -3.246486 0.388698
1680264105.654579 4.225347 -3.246486 0.388625
1680264105.721327 4.225378 -3.246445 0.388660
1680264105.788074 4.225369 -3.246500 0.388639
1680264105.854822 4.225412 -3.246487 0.388725
1680264105.921573 4.225394 -3.246517 0.388647
1680264105.988344 4.225398 -3.246464 0.388703
1680264106.055093 4.225364 -3.246500 0.388694
1680264106.121844 4.225360 -3.246488 0.388712
1680264106.188595 4.225341 -3.246515 0.388670
1680264106.255343 4.225378 -3.246493 0.388642
1680264106.322094 4.225390 -3.246501 0.388648
1680264106.388841 4.225405 -3.246495 0.388681
1680264106.455589 4.225412 -3.246495 0.388654
1680264106.522339 4.225422 -3.246549 0.388787
1680264106.589086 4.225429 -3.246551 0.388734
1680264106.655833 4.225438 -3.246567 0.388753
1680264106.722584 4.225389 -3.246526 0.388683
1680264106.789330 4.225419 -3.246512 0.388709
1680264106.856078 4.225412 -3.246523 0.388650
1680264106.922825 4.225406 -3.246478 0.388720
1680264106.989576 4.225424 -3.246490 0.388611
1680264107.056325 4.225395 -3.246494 0.388650
1680264107.123077 4.225390 -3.246514 0.388709
1680264107.189824 4.225384 -3.246513 0.388711
1680264107.256570 4.225405 -3.246500 0.388648
1680264107.323321 4.225406 -3.246519 0.388725
1680264107.390070 4.225429 -3.246528 0.388695
1680264107.456818 4.225453 -3.246478 0.388692
1680264107.523569 4.225389 -3.246500 0.388658
1680264107.590316 4.225386 -3.246449 0.388646
1680264107.657064 4.225379 -3.246561 0.388698
1680264107.723815 4.225412 -3.246485 0.388672
1680264107.790565 4.225466 -3.246528 0.388655
1680264107.857315 4.225418 -3.246501 0.388730
1680264107.924062 4.225409 -3.246508 0.388700
1680264107.990811 4.225418 -3.246517 0.388736
1680264108.057561 4.225375 -3.246518 0.388683
1680264108.124309 4.225416 -3.246474 0.388667
1680264108.191058 4.225379 -3.246513 0.388686
1680264108.257808 4.225398 -3.246500 0.388752
1680264108.324558 4.225420 -3.246496 0.388636
1680264108.391305 4.225414 -3.246482 0.388703
1680264108.458057 4.225386 -3.246558 0.388727
1680264108.524830 4.225386 -3.246494 0.388677
1680264108.591582 4.225397 -3.246540 0.388660
1680264108.658330 4.225424 -3.246533 0.388727
1680264108.725077 4.225401 -3.246516 0.388636
1680264108.791828 4.225389 -3.246475 0.388725
1680264108.858576 4.225399 -3.246504 0.388699
1680264108.925323 4.225414 -3.246495 0.388706
1680264108.992074 4.225419 -3.246537 0.388713
1680264109.058821 4.225343 -3.246533 0.388749
1680264109.125569 4.225393 -3.246497 0.388573
1680264109.192316 4.225399 -3.246501 0.388705
1680264109.259063 4.225394 -3.246513 0.388664
1680264109.325811 4.225416 -3.246470 0.388683
1680264109.392566 4.225410 -3.246480 0.388647
1680264109.459318 4.225410 -3.246469 0.388681
1680264109.526070 4.225389 -3.246473 0.388656
1680264109.592826 4.225384 -3.246498 0.388706
1680264109.659578 4.225320 -3.246490 0.388669
1680264109.726329 4.225366 -3.246525 0.388692
1680264109.793077 4.225408 -3.246528 0.388675
1680264109.859825 4.225421 -3.246478 0.388659
1680264109.926573 4.225392 -3.246465 0.388672
1680264109.993325 4.225393 -3.246505 0.388661
1680264110.060072 4.225358 -3.246490 0.388693
1680264110.126820 4.225369 -3.246486 0.388676
1680264110.193568 4.225382 -3.246510 0.388691
1680264110.260315 4.225373 -3.246488 0.388674
1680264110.327063 4.225374 -3.246466 0.388673
1680264110.393816 4.225376 -3.246486 0.388643
1680264110.460564 4.225377 -3.246505 0.388720
1680264110.527311 4.225388 -3.246539 0.388695
1680264110.594058 4.225420 -3.246514 0.388662
1680264110.660805 4.225410 -3.246511 0.388702
1680264110.727552 4.225398 -3.246479 0.388671
1680264110.794299 4.225410 -3.246491 0.388676
1680264110.861046 4.225416 -3.246512 0.388708
1680264110.927792 4.225406 -3.246491 0.388642
1680264110.994539 4.225342 -3.246603 0.388473
1680264111.061286 4.225275 -3.246659 0.388473
1680264111.128033 4.225325 -3.246714 0.388498
1680264111.194779 4.225291 -3.246693 0.388422
1680264111.261530 4.225614 -3.246688 0.388480
1680264111.328277 4.226115 -3.246701 0.388516
1680264111.395024 4.226449 -3.246661 0.388570
1680264111.461774 4.226884 -3.245299 0.388671
1680264111.528521 4.224834 -3.244613 0.389743
1680264111.595271 4.222926 -3.245337 0.390545
1680264111.662021 4.220897 -3.244039 0.395533
1680264111.728768 4.222547 -3.240097 0.403550
1680264111.795519 4.227673 -3.234508 0.411025
1680264111.862269 4.239575 -3.224546 0.420947
1680264111.929015 4.243298 -3.221816 0.423148
1680264111.995768 4.271216 -3.205260 0.440255
1680264112.062518 4.271216 -3.205260 0.440255
1680264112.129266 4.271216 -3.205260 0.440255
1680264112.196018 4.271216 -3.205260 0.440255
1680264112.262773 4.271216 -3.205260 0.440255
1680264112.329521 4.271216 -3.205260 0.440255
1680264112.396272 4.271216 -3.205260 0.440255
1680264112.463024 4.271216 -3.205260 0.440255
1680264112.529776 4.271216 -3.205260 0.440255
1680264112.596525 4.271216 -3.205260 0.440255
1680264112.663275 4.271216 -3.205260 0.440255
1680264112.730022 4.271216 -3.205260 0.440255
1680264112.796772 4.271216 -3.205260 0.440255
1680264112.863527 4.271216 -3.205260 0.440255
1680264112.930276 4.271216 -3.205260 0.440255
1680264112.997026 4.271216 -3.205260 0.440255
1680264113.063775 4.271216 -3.205260 0.440255
1680264113.130527 4.271216 -3.205260 0.440255
1680264113.197283 4.271216 -3.205260 0.440255
1680264113.264034 4.271216 -3.205260 0.440255
1680264113.330782 4.271216 -3.205260 0.440255
1680264113.397532 4.271216 -3.205260 0.440255
1680264113.464287 4.271216 -3.205260 0.440255
1680264113.531035 4.271216 -3.205260 0.440255
1680264113.597786 4.271216 -3.205260 0.440255
1680264113.664536 4.271216 -3.205260 0.440255
1680264113.731283 4.271216 -3.205260 0.440255
1680264113.798033 4.271216 -3.205260 0.440255
1680264113.864783 4.271216 -3.205260 0.440255
1680264113.931532 4.395278 -3.267099 0.388166
1680264113.998283 4.393340 -3.267418 0.389491
1680264114.065035 4.393660 -3.267424 0.389371
1680264114.131809 4.397035 -3.266820 0.388589
1680264114.198561 4.397035 -3.266820 0.388589
1680264114.265311 4.397035 -3.266820 0.388589
1680264114.332059 4.394783 -3.267218 0.389488
1680264114.398811 4.393874 -3.267414 0.389523
1680264114.465561 4.394973 -3.267082 0.389162
1680264114.532311 4.396598 -3.266889 0.389028
1680264114.599060 4.397171 -3.266322 0.387879
1680264114.665808 4.396321 -3.266921 0.389033
1680264114.732561 4.395043 -3.267079 0.389192
1680264114.799314 4.394562 -3.267127 0.389246
1680264114.866063 4.395492 -3.267017 0.389165
1680264114.932811 4.396640 -3.267069 0.389001
1680264114.999558 4.396694 -3.266266 0.387991
1680264115.066306 4.395978 -3.266993 0.389036
1680264115.133054 4.395084 -3.267056 0.389172
1680264115.199801 4.394987 -3.266980 0.389237
1680264115.266549 4.395789 -3.267079 0.389077
1680264115.333296 4.396571 -3.266959 0.389043
1680264115.400043 4.396475 -3.267007 0.389116
1680264115.466790 4.395705 -3.267098 0.389178
1680264115.533538 4.395142 -3.267017 0.389248
1680264115.600285 4.395298 -3.267109 0.389178
1680264115.667033 4.395992 -3.267005 0.389058
1680264115.733780 4.396445 -3.266964 0.389016
1680264115.800527 4.396156 -3.267052 0.389070
1680264115.867275 4.395547 -3.267008 0.389125
1680264115.934022 4.395296 -3.267052 0.389140
1680264116.000770 4.395554 -3.267050 0.389144
1680264116.067517 4.396130 -3.267008 0.389114
1680264116.134265 4.396326 -3.267026 0.389076
1680264116.201013 4.395965 -3.267026 0.389099
1680264116.267760 4.395513 -3.267052 0.389126
1680264116.334507 4.395408 -3.267014 0.389141
1680264116.401254 4.395743 -3.266986 0.389052
1680264116.468003 4.396194 -3.267024 0.389056
1680264116.534750 4.396179 -3.267005 0.389117
1680264116.601502 4.395815 -3.267065 0.389122
1680264116.668251 4.395520 -3.267059 0.389132
1680264116.734998 4.395568 -3.266987 0.389104
1680264116.801748 4.395854 -3.267017 0.389082
1680264116.868495 4.396089 -3.267014 0.389066
1680264116.935242 4.396012 -3.267026 0.389101
1680264117.001996 4.395691 -3.266975 0.389147
1680264117.068744 4.395597 -3.267017 0.389144
1680264117.135492 4.395722 -3.267008 0.389086
1680264117.202243 4.395962 -3.266984 0.389109
1680264117.268990 4.396055 -3.267023 0.389114
1680264117.335737 4.395860 -3.267020 0.389086
1680264117.402489 4.395616 -3.267031 0.389192
1680264117.469237 4.395614 -3.267030 0.389165
1680264117.535984 4.395858 -3.267003 0.389148
1680264117.602734 4.396081 -3.267025 0.389129
1680264117.669481 4.395994 -3.267000 0.389115
